
 ++++++++++++++++++++++++++++++++++++++++++++++++++++++++++++++++
 +  SHELXL-97 - CRYSTAL STRUCTURE REFINEMENT - WINDOWS VERSION  +
 +  Copyright(C) George M. Sheldrick 1993-7       Release 97-2  +
 +  gr5ap                   started at 14:10:19 on 22-Jan-2020  +
 ++++++++++++++++++++++++++++++++++++++++++++++++++++++++++++++++

 TITL Gr5Ap1 in P6(3)/m
 REM P6(3)/m (#176 in standard setting)
 CELL 0.71073   9.39686   9.39686   6.8854  90  90 120
 ZERR    2.00   0.00013   0.00013   0.0001   0   0   0
 LATT  1
 SYMM -y, x-y, z
 SYMM -x+y,-x, z
 SYMM -x,-y, z+1/2
 SYMM  y,-x+y, z+1/2
 SYMM  x-y, x, z+1/2
 SFAC O F P Ca Cl
 UNIT 24.00 1.92 6.00 10.00 0.02

 V =      526.53     F(000) =     499.6     Mu =   3.09 mm-1      Cell Wt =     1007.81    Rho =  3.178

  
 L.S. 4
 BOND
 FMAP 2
 PLAN 20
  
 WGHT      0.0189      0.4101
 EXTI    0.044729
 ACTA
 FVAR       1.98120
 CA1   4    0.249206    0.242123    0.250000    10.50000    0.01086    0.01164 =
          0.00812    0.00000    0.00000    0.00699
 CA2   4    0.666667    0.333333    0.001163    10.33333    0.01261    0.01261 =
          0.00731    0.00000    0.00000    0.00631
 P     3    0.601526    0.630994    0.250000    10.50000    0.00726    0.00677 =
          0.00696    0.00000    0.00000    0.00393
 F     2    0.000000    0.000000    0.250000    10.16000    0.01015    0.01015 =
          0.04734    0.00000    0.00000    0.00508
 O1    1    0.412079    0.533297    0.250000    10.50000    0.00808    0.01116 =
          0.02086    0.00000    0.00000    0.00426
 O2    1    0.672833    0.515391    0.250000    10.50000    0.01560    0.01180 =
          0.01258    0.00000    0.00000    0.01018
 O3    1    0.658210    0.742762    0.070452    11.00000    0.02631    0.01323 =
          0.01093    0.00460    0.00742    0.01244
 CL    5    0.000000    0.000000    0.126183    10.01333    0.05798    0.05798 =
          0.13024    0.00000    0.00000    0.02899
 HKLF 4


 Covalent radii and connectivity table for  Gr5Ap1 in P6(3)/m                                                          

 O    0.660
 F    0.640
 P    1.100
 CA   1.970
 CL   0.990

 Ca1 - F O3_$1 O3_$12 O1 Cl Cl_$14 O3_$15 O3_$16 O2_$3 P_$15 P_$3 P
 Ca2 - O2 O2_$3 O2_$8 O1_$5 O1_$10 O1_$1 O3_$5 O3_$10 O3_$1 P_$1 P_$10 P_$5
 P - O3 O3_$14 O2 O1 Ca1_$4 Ca2_$1 Ca2_$12 Ca1_$8 Ca1
 F - Cl Cl_$14 Ca1 Ca1_$7 Ca1_$2
 O1 - P Ca1 Ca2_$1 Ca2_$12
 O2 - P Ca2 Ca2_$14 Ca1_$8
 O3 - P Ca1_$1 Ca1_$4 Ca2_$1
 Cl - F Cl_$14 Cl_$17 Ca1 Ca1_$7 Ca1_$2


 Operators for generating equivalent atoms:

 $1   -x+1, -y+1, -z
 $2   -y, x-y, z
 $3   -y+1, x-y, z
 $4   -y+1, x-y+1, z
 $5   y, -x+y, -z
 $6   y, -x+y, -z+1
 $7   -x+y, -x, z
 $8   -x+y+1, -x+1, z
 $9   x-y, x, -z
 $10  x-y+1, x, -z
 $11  x-y, x, -z+1
 $12  -x+1, -y+1, z+1/2
 $13  x, y, -z-1/2
 $14  x, y, -z+1/2
 $15  -x+y, -x+1, z
 $16  -x+y, -x+1, -z+1/2
 $17  -x, -y, -z


   h   k   l       Fo^2      Sigma      Why rejected

   0   0   3       33.99      7.93     observed but should be systematically absent


   21146  Reflections read, of which    24  rejected

 -14 =< h =< 15,    -15 =< k =< 15,    -11 =< l =< 11,   Max. 2-theta =   69.57

       1  Systematic absence violations

       0  Inconsistent equivalents

     813  Unique reflections, of which      0  suppressed

 R(int) = 0.0368     R(sigma) = 0.0111      Friedel opposites merged

 Maximum memory for data reduction =  1989 /    8818


 Special position constraints for Ca1
 z =  0.2500              U23 = 0                  U13 = 0                  sof = 0.50000            
 Input constraints retained (at least in part) for  sof

 Special position constraints for Ca2
 x =  0.6667              y =  0.3333              U22 = 1.0 * U11          U23 = 0                  U13 = 0                  
 U12 = 0.5 * U11          sof = 0.33333            
 Input constraints retained (at least in part) for  sof

 Special position constraints for P
 z =  0.2500              U23 = 0                  U13 = 0                  sof = 0.50000            
 Input constraints retained (at least in part) for  sof

 Special position constraints for F
 x =  0.0000              y =  0.0000              z =  0.2500              U22 = 1.0 * U11          U23 = 0                  
 U13 = 0                  U12 = 0.5 * U11          sof = 0.16667            
 Input constraints retained (at least in part) for  sof

 Special position constraints for O1
 z =  0.2500              U23 = 0                  U13 = 0                  sof = 0.50000            
 Input constraints retained (at least in part) for  sof

 Special position constraints for O2
 z =  0.2500              U23 = 0                  U13 = 0                  sof = 0.50000            
 Input constraints retained (at least in part) for  sof

 Special position constraints for Cl
 x =  0.0000              y =  0.0000              U22 = 1.0 * U11          U23 = 0                  U13 = 0                  
 U12 = 0.5 * U11          sof = 0.33333            
 Input constraints retained (at least in part) for  sof


   ** Cell contents from UNIT instruction and atom list do not agree **


 Unit-cell contents from UNIT instruction and atom list resp.

 O        24.00     24.00
 F         1.92      1.92
 P         6.00      6.00
 CA       10.00     10.00
 CL        0.02      0.16


 Least-squares cycle   1      Maximum vector length =  511      Memory required =   2128 /   68995

 wR2 =  0.0442 before cycle   1 for    813 data and    43 /    43 parameters

 GooF = S =     1.100;     Restrained GooF =      1.100  for      0 restraints

 Weight = 1 / [ sigma^2(Fo^2) + ( 0.0189 * P )^2 +   0.41 * P ]   where  P = ( Max ( Fo^2, 0 ) + 2 * Fc^2 ) / 3


     N      value        esd    shift/esd  parameter

     1     1.98206     0.00432     0.198    OSF
     2     0.04502     0.00191     0.152   EXTI    

 Mean shift/esd =   0.061    Maximum =   0.200 for  U33 Cl       

 Max. shift = 0.006 A for Cl      Max. dU = 0.003 for Cl           


 Least-squares cycle   2      Maximum vector length =  511      Memory required =   2128 /   68995

 wR2 =  0.0441 before cycle   2 for    813 data and    43 /    43 parameters

 GooF = S =     1.100;     Restrained GooF =      1.100  for      0 restraints

 Weight = 1 / [ sigma^2(Fo^2) + ( 0.0189 * P )^2 +   0.41 * P ]   where  P = ( Max ( Fo^2, 0 ) + 2 * Fc^2 ) / 3


     N      value        esd    shift/esd  parameter

     1     1.98233     0.00432     0.062    OSF
     2     0.04511     0.00192     0.046   EXTI    

 Mean shift/esd =   0.034    Maximum =   0.191 for  U11 Cl       

 Max. shift = 0.007 A for Cl      Max. dU = 0.003 for Cl           


 Least-squares cycle   3      Maximum vector length =  511      Memory required =   2128 /   68995

 wR2 =  0.0441 before cycle   3 for    813 data and    43 /    43 parameters

 GooF = S =     1.100;     Restrained GooF =      1.100  for      0 restraints

 Weight = 1 / [ sigma^2(Fo^2) + ( 0.0189 * P )^2 +   0.41 * P ]   where  P = ( Max ( Fo^2, 0 ) + 2 * Fc^2 ) / 3


     N      value        esd    shift/esd  parameter

     1     1.98236     0.00433     0.007    OSF
     2     0.04510     0.00192    -0.001   EXTI    

 Mean shift/esd =   0.016    Maximum =   0.157 for  U11 Cl       

 Max. shift = 0.005 A for Cl      Max. dU = 0.002 for Cl           


 Least-squares cycle   4      Maximum vector length =  511      Memory required =   2128 /   68995

 wR2 =  0.0441 before cycle   4 for    813 data and    43 /    43 parameters

 GooF = S =     1.099;     Restrained GooF =      1.099  for      0 restraints

 Weight = 1 / [ sigma^2(Fo^2) + ( 0.0189 * P )^2 +   0.41 * P ]   where  P = ( Max ( Fo^2, 0 ) + 2 * Fc^2 ) / 3


     N      value        esd    shift/esd  parameter

     1     1.98237     0.00433     0.004    OSF
     2     0.04510     0.00192    -0.003   EXTI    

 Mean shift/esd =   0.012    Maximum =   0.126 for  U11 Cl       

 Max. shift = 0.003 A for Cl      Max. dU = 0.001 for Cl           


 Largest correlation matrix elements

     0.684 U12 Ca1 / U22 Ca1                 0.641 U12 P / U11 P                     0.567 U12 O1 / U22 O1
     0.675 EXTI / OSF                        0.639 U12 O3 / U22 O3                  -0.567 U11 Cl / U11 F
     0.667 U12 Ca1 / U11 Ca1                 0.624 U12 P / U22 P                     0.556 U13 O3 / U23 O3
     0.656 U12 O2 / U22 O2                   0.609 U11 Ca2 / OSF                     0.539 y O3 / x O3
     0.652 U12 O3 / U11 O3                   0.581 U12 O1 / U11 O1                   0.534 U11 Ca1 / OSF 
     0.652 U12 O2 / U11 O2                   0.568 y O2 / x O2                       0.534 y Ca1 / x Ca1



  Gr5Ap1 in P6(3)/m                                                          

 ATOM           x         y         z          sof         U11       U22       U33       U23       U13       U12        Ueq

 Ca1         0.24921   0.24213   0.25000     0.50000     0.01088   0.01165   0.00813   0.00000   0.00000   0.00700    0.00962
   0.00060   0.00004   0.00004   0.00000     0.00000     0.00013   0.00013   0.00012   0.00000   0.00000   0.00010    0.00008

 Ca2         0.66667   0.33333   0.00116     0.33333     0.01263   0.01263   0.00733   0.00000   0.00000   0.00632    0.01086
   0.00036   0.00000   0.00000   0.00005     0.00000     0.00011   0.00011   0.00015   0.00000   0.00000   0.00005    0.00009

 P           0.60153   0.63100   0.25000     0.50000     0.00728   0.00678   0.00698   0.00000   0.00000   0.00394    0.00683
   0.00069   0.00004   0.00004   0.00000     0.00000     0.00015   0.00015   0.00015   0.00000   0.00000   0.00012    0.00008

 F           0.00000   0.00000   0.25000     0.16000     0.00993   0.00993   0.04818   0.00000   0.00000   0.00496    0.02268
   0.00000   0.00000   0.00000   0.00000     0.00000     0.00054   0.00054   0.00156   0.00000   0.00000   0.00027    0.00049

 O1          0.41208   0.53330   0.25000     0.50000     0.00808   0.01118   0.02089   0.00000   0.00000   0.00425    0.01363
   0.00226   0.00014   0.00014   0.00000     0.00000     0.00043   0.00045   0.00055   0.00000   0.00000   0.00037    0.00021

 O2          0.67283   0.51539   0.25000     0.50000     0.01561   0.01183   0.01258   0.00000   0.00000   0.01019    0.01186
   0.00240   0.00015   0.00014   0.00000     0.00000     0.00048   0.00045   0.00047   0.00000   0.00000   0.00041    0.00019

 O3          0.65821   0.74276   0.07047     1.00000     0.02631   0.01324   0.01094   0.00461   0.00743   0.01243    0.01570
   0.00205   0.00011   0.00010   0.00012     0.00000     0.00042   0.00034   0.00035   0.00028   0.00031   0.00032    0.00017

 Cl          0.00000   0.00000   0.12300     0.01333     0.06480   0.06480   0.14990   0.00000   0.00000   0.03240    0.09317
   0.05981   0.00000   0.00000   0.00869     0.00000     0.01132   0.01132   0.04008   0.00000   0.00000   0.00566    0.01386



 Final Structure Factor Calculation for  Gr5Ap1 in P6(3)/m                                                          

 Total number of l.s. parameters =    43     Maximum vector length =  511      Memory required =   2085 /   24017

 wR2 =  0.0441 before cycle   5 for    813 data and     0 /    43 parameters

 GooF = S =     1.098;     Restrained GooF =      1.098  for      0 restraints

 Weight = 1 / [ sigma^2(Fo^2) + ( 0.0189 * P )^2 +   0.41 * P ]   where  P = ( Max ( Fo^2, 0 ) + 2 * Fc^2 ) / 3

 R1 =  0.0179 for    756 Fo > 4sig(Fo)  and  0.0206 for all    813 data
 wR2 =  0.0441,  GooF = S =   1.098,  Restrained GooF =    1.098  for all data

 Occupancy sum of asymmetric unit =    3.51 for non-hydrogen and    0.00 for hydrogen atoms



 Principal mean square atomic displacements U

   0.0122   0.0085   0.0081   Ca1  
   0.0126   0.0126   0.0073   Ca2  
   0.0074   0.0070   0.0061   P  
   0.0482   0.0099   0.0099   F  
   0.0209   0.0120   0.0081   O1  
   0.0164   0.0126   0.0066   O2  
   0.0293   0.0105   0.0073   O3  
   0.1499   0.0648   0.0648   Cl  



 Analysis of variance for reflections employed in refinement      K = Mean[Fo^2] / Mean[Fc^2]  for group


 Fc/Fc(max)       0.000    0.013    0.026    0.041    0.057    0.074    0.094    0.117    0.145    0.200    1.000

 Number in group        85.      78.      84.      82.      80.      80.      81.      80.      82.      81.

            GooF      1.094    0.886    1.103    1.292    0.970    1.232    1.068    1.230    1.074    0.967

             K        1.524    1.002    0.993    1.000    0.987    1.008    0.995    1.002    1.005    0.995


 Resolution(A)    0.62     0.65     0.67     0.71     0.74     0.79     0.85     0.94     1.09     1.37     inf

 Number in group        83.      80.      81.      81.      82.      81.      81.      81.      81.      82.

            GooF      0.980    1.040    0.835    0.904    0.748    0.747    0.775    0.832    1.345    2.070

             K        1.017    1.022    1.015    1.008    0.990    0.992    0.999    0.995    0.992    0.997

             R1       0.053    0.035    0.023    0.023    0.015    0.015    0.013    0.013    0.016    0.020


 Recommended weighting scheme:  WGHT      0.0186      0.4201
 Note that in most cases convergence will be faster if fixed weights (e.g. the
 default WGHT 0.1) are retained until the refinement is virtually complete, and
 only then should the above recommended values be used.



 Most Disagreeable Reflections (* if suppressed or used for Rfree)

     h   k   l        Fo^2         Fc^2   Delta(F^2)/esd  Fc/Fc(max)  Resolution(A)

    -1   2   0        143.65         97.10       5.96       0.047       4.70
     0   2   0        768.33        644.09       5.40       0.122       4.07
    -2   3   2        310.08        247.72       4.93       0.075       2.29
    -1   2   3       1562.07       1394.52       4.22       0.179       2.06
    -1   4   1        602.49        525.60       3.87       0.110       2.14
    -3   4   0       8927.79       8192.96       3.59       0.434       2.26
    -2   4   0        105.16        134.88       3.57       0.056       2.35
    -1   2   5        254.88        300.78       3.49       0.083       1.32
    -2   5   0          9.76          3.23       3.33       0.009       1.87
    -1   4   5        207.73        243.96       3.08       0.075       1.18
     0   3   1        809.77        735.46       3.01       0.130       2.52
    -2   4   1        654.14        723.56       2.98       0.129       2.22
    -1   3   2       1125.02       1033.14       2.93       0.154       2.29
     0   2   3       1297.86       1200.74       2.77       0.166       2.00
    -6   8   1        198.92        227.77       2.52       0.072       1.11
     0  12   2         12.38          4.09       2.51       0.010       0.67
    -2   4   3         22.50         32.03       2.49       0.027       1.64
   -11  12   4         20.46         10.49       2.45       0.016       0.65
     0  11   4        103.81         83.75       2.44       0.044       0.68
     0   0   4      41214.65      43571.74       2.42       1.000       1.72
    -8  14   1         45.59         60.37       2.38       0.037       0.67
    -2   4   4          2.43          0.31       2.35       0.003       1.39
    -4   7   9          8.45          1.15       2.35       0.005       0.66
    -5   6   3         65.00         52.22       2.34       0.035       1.23
    -1   5   5         79.61         95.93       2.32       0.047       1.09
    -5   7   0       1137.91       1219.48       2.30       0.167       1.30
    -1   2   1        414.25        453.14       2.29       0.102       3.88
    -2   4   5        478.23        521.54       2.28       0.109       1.19
   -11  13   4         -3.82         21.15       2.25       0.022       0.63
     0   2   4         27.88         37.23       2.24       0.029       1.59
    -5   6   4          3.75          0.61       2.21       0.004       1.11
     0   2   5        182.81        205.81       2.15       0.069       1.30
    -3   4   2       3014.18       2868.33       2.07       0.257       1.89
    -6   7   0       1636.49       1732.33       2.06       0.199       1.24
     0   1   3         99.21         85.17       2.05       0.044       2.21
    -1   6  10         23.11         49.64       2.02       0.034       0.62
   -10  13   2        331.42        300.11       2.02       0.083       0.68
    -8   9   0         25.82         17.46       2.01       0.020       0.95
     0   5   1       1003.36        945.63       1.96       0.147       1.58
    -1   7   2         16.04         10.69       1.95       0.016       1.17
    -6  13   0        592.11        640.62       1.95       0.121       0.72
    -2  13   4        409.66        344.93       1.95       0.089       0.63
    -7  13   0        862.67        807.19       1.86       0.136       0.72
     0   2   1        194.06        175.45       1.86       0.063       3.50
     0   4   5        117.87        133.58       1.85       0.055       1.14
    -1   8   0        314.28        288.56       1.82       0.081       1.08
    -2   3   0        232.49        212.02       1.80       0.070       3.08
    -1   4   4        196.76        216.66       1.80       0.071       1.37
    -5   9   0         60.47         72.08       1.80       0.041       1.04
    -4   7   1         89.84         77.89       1.79       0.042       1.31



 Bond lengths and angles

 Ca1 -       Distance       Angles
 F         2.3092 (0.0003) 
 O3_$1     2.3499 (0.0008)  102.82 (0.02)
 O3_$12    2.3499 (0.0008)  102.82 (0.02) 139.76 (0.05)
 O1        2.3751 (0.0012)  152.49 (0.03)  85.67 (0.02)  85.67 (0.02)
 Cl        2.4693 (0.0213)   20.74 (1.30)  82.82 (1.26) 122.69 (1.24) 146.04 (0.73)
 Cl_$14    2.4693 (0.0213)   20.74 (1.30) 122.69 (1.24)  82.82 (1.26) 146.04 (0.73)  41.48 (2.60)
 O3_$15    2.4997 (0.0009)   81.74 (0.02)  78.04 (0.02) 136.18 (0.03)  74.42 (0.03)  71.97 (0.56)  92.34 (0.67)
 O3_$16    2.4997 (0.0009)   81.74 (0.02) 136.18 (0.03)  78.04 (0.02)  74.42 (0.03)  92.34 (0.67)  71.97 (0.56)  59.28 (0.04)
 O2_$3     2.6994 (0.0013)  106.64 (0.03)  71.62 (0.02)  71.62 (0.02) 100.87 (0.04) 105.53 (0.14) 105.53 (0.14) 149.59 (0.02)
 P_$15     3.0751 (0.0005)   83.01 (0.01) 106.73 (0.02) 106.73 (0.02)  69.48 (0.03)  83.47 (0.06)  83.47 (0.06)  29.74 (0.02)
 P_$3      3.2639 (0.0004)   78.81 (0.01)  77.60 (0.02)  77.60 (0.02) 128.70 (0.03)  79.54 (0.09)  79.54 (0.09) 144.39 (0.02)
 P         3.4951 (0.0005)  173.69 (0.01)  78.95 (0.02)  78.95 (0.02)  21.20 (0.03) 158.36 (1.24) 158.36 (1.24)  92.78 (0.02)
               Ca1 -         F             O3_$1         O3_$12        O1            Cl            Cl_$14        O3_$15       

 Ca2 -       Distance       Angles
 O2        2.4014 (0.0008) 
 O2_$3     2.4014 (0.0008)   74.72 (0.03)
 O2_$8     2.4014 (0.0008)   74.72 (0.03)  74.72 (0.03)
 O1_$5     2.4569 (0.0009)  154.29 (0.04)  92.58 (0.03) 124.10 (0.04)
 O1_$10    2.4569 (0.0009)  124.10 (0.04) 154.29 (0.04)  92.57 (0.03)  75.93 (0.03)
 O1_$1     2.4569 (0.0009)   92.57 (0.03) 124.10 (0.04) 154.29 (0.04)  75.93 (0.03)  75.93 (0.03)
 O3_$5     2.8092 (0.0009)  142.43 (0.03)  86.71 (0.03)  68.93 (0.03)  55.95 (0.03)  67.75 (0.03) 124.60 (0.03)
 O3_$10    2.8092 (0.0010)   68.93 (0.03) 142.43 (0.03)  86.71 (0.03) 124.60 (0.03)  55.95 (0.03)  67.75 (0.03) 116.99 (0.01)
 O3_$1     2.8092 (0.0009)   86.71 (0.03)  68.93 (0.03) 142.43 (0.03)  67.75 (0.03) 124.60 (0.03)  55.95 (0.03) 116.99 (0.01)
 P_$1      3.2091 (0.0004)   92.90 (0.02)  97.47 (0.03) 166.64 (0.02)  66.22 (0.03)  98.65 (0.02)  27.73 (0.03) 122.16 (0.02)
 P_$10     3.2092 (0.0004)   97.47 (0.03) 166.64 (0.02)  92.90 (0.02)  98.65 (0.02)  27.73 (0.03)  66.22 (0.03)  93.56 (0.02)
 P_$5      3.2092 (0.0004)  166.64 (0.02)  92.90 (0.02)  97.47 (0.03)  27.74 (0.03)  66.22 (0.03)  98.65 (0.02)  28.57 (0.02)
               Ca2 -         O2            O2_$3         O2_$8         O1_$5         O1_$10        O1_$1         O3_$5        

 P -         Distance       Angles
 O3        1.5347 (0.0008) 
 O3_$14    1.5347 (0.0008)  107.31 (0.07)
 O2        1.5353 (0.0011)  111.06 (0.04) 111.05 (0.04)
 O1        1.5420 (0.0012)  108.05 (0.05) 108.05 (0.05) 111.17 (0.07)
 Ca1_$4    3.0750 (0.0005)   53.89 (0.03)  53.89 (0.03) 133.35 (0.05) 115.48 (0.05)
 Ca2_$1    3.2091 (0.0004)   61.08 (0.04) 112.62 (0.04) 135.83 (0.03)  47.86 (0.03)  80.15 (0.01)
 Ca2_$12   3.2092 (0.0004)  112.62 (0.04)  61.08 (0.04) 135.83 (0.03)  47.86 (0.03)  80.15 (0.01)  65.21 (0.01)
 Ca1_$8    3.2640 (0.0005)   79.53 (0.04)  79.53 (0.04)  55.17 (0.05) 166.34 (0.05)  78.18 (0.01) 140.56 (0.01) 140.56 (0.01)
 Ca1       3.4951 (0.0005)  122.59 (0.04) 122.59 (0.04)  77.32 (0.05)  33.84 (0.04) 149.32 (0.01)  74.12 (0.01)  74.12 (0.01)
               P -           O3            O3_$14        O2            O1            Ca1_$4        Ca2_$1        Ca2_$12      

 F -         Distance       Angles
 Cl        0.8745 (0.0598) 
 Cl_$14    0.8745 (0.0598)  180.00 (0.01)
 Ca1       2.3092 (0.0003)   90.00 (0.01)  90.00 (0.01)
 Ca1_$7    2.3093 (0.0003)   90.00 (0.00)  90.00 (0.00) 120.00       
 Ca1_$2    2.3093 (0.0003)   90.00 (0.00)  90.00 (0.00) 120.00        120.00       
               F -           Cl            Cl_$14        Ca1           Ca1_$7       

 O1 -        Distance       Angles
 P         1.5420 (0.0012) 
 Ca1       2.3751 (0.0012)  124.96 (0.07)
 Ca2_$1    2.4568 (0.0009)  104.41 (0.04) 113.75 (0.03)
 Ca2_$12   2.4569 (0.0009)  104.41 (0.04) 113.75 (0.03)  89.48 (0.04)
               O1 -          P             Ca1           Ca2_$1       

 O2 -        Distance       Angles
 P         1.5353 (0.0011) 
 Ca2       2.4014 (0.0008)  129.83 (0.03)
 Ca2_$14   2.4014 (0.0008)  129.83 (0.03)  91.04 (0.04)
 Ca1_$8    2.6994 (0.0013)   97.00 (0.05) 101.76 (0.04) 101.76 (0.04)
               O2 -          P             Ca2           Ca2_$14      

 O3 -        Distance       Angles
 P         1.5347 (0.0008) 
 Ca1_$1    2.3499 (0.0008)  142.09 (0.05)
 Ca1_$4    2.4997 (0.0009)   96.37 (0.04) 117.44 (0.03)
 Ca2_$1    2.8091 (0.0009)   90.35 (0.04)  99.96 (0.03)  99.17 (0.03)
               O3 -          P             Ca1_$1        Ca1_$4       

 Cl -        Distance       Angles
 F         0.8745 (0.0598) 
 Cl_$14    1.7490 (0.1196)    0.00 (0.00)
 Cl_$17    1.6937 (0.1196)  180.00 (0.00) 180.00 (0.01)
 Ca1       2.4693 (0.0212)   69.26 (1.30)  69.26 (1.30) 110.74 (1.30)
 Ca1_$7    2.4693 (0.0212)   69.26 (1.30)  69.26 (1.30) 110.74 (1.30) 108.17 (1.36)
 Ca1_$2    2.4693 (0.0212)   69.26 (1.30)  69.26 (1.30) 110.74 (1.30) 108.17 (1.36) 108.17 (1.36)
               Cl -          F             Cl_$14        Cl_$17        Ca1           Ca1_$7       


 FMAP and GRID set by program

 FMAP   2   3  16
 GRID    -1.923  -2  -2     1.923   2   2

 R1 =  0.0202 for    813 unique reflections after merging for Fourier


 Electron density synthesis with coefficients Fo-Fc

 Highest peak    0.89  at  0.3128  0.2989  0.2500  [  0.57 A from CA1 ]
 Deepest hole   -0.41  at -0.0025  0.8182  0.2500  [  0.61 A from CA1 ]

 Mean =    0.00,   Rms deviation from mean =    0.09 e/A^3,   Highest memory used =  2411 / 17475


 Fourier peaks appended to .res file

              x       y       z       sof     U      Peak   Distances to nearest atoms (including symmetry equivalents)

 Q1    1   0.3128  0.2989  0.2500   0.50000  0.05    0.89   0.57 CA1  1.91 O1  2.28 O3  2.55 O2
 Q2    1   0.6385  0.6812  0.1423   1.00000  0.05    0.46   0.71 O3  0.85 P  1.89 O2  2.01 O1
 Q3    1   0.5044  0.5852  0.2500   0.50000  0.05    0.37   0.75 O1  0.79 P  1.92 O3  1.99 O2
 Q4    1   0.6483  0.5703  0.2500   0.50000  0.05    0.36   0.66 O2  0.88 P  2.00 O3  2.07 O1
 Q5    1   0.7228  0.7611  0.1101   1.00000  0.05    0.32   0.61 O3  1.53 P  2.27 O3  2.32 O2
 Q6    1   0.6689  0.8277  0.0455   1.00000  0.05    0.26   0.77 O3  2.03 CA1  2.15 P  2.30 O3
 Q7    1   0.4524  0.5536  0.1566   1.00000  0.05    0.26   0.72 O1  1.37 P  1.95 O3  2.18 CA2
 Q8    1   0.6364  0.7834  0.1314   1.00000  0.05    0.22   0.66 O3  1.53 P  2.00 CA1  2.12 O3
 Q9    1   0.4235  0.5988  0.2500   0.50000  0.05    0.21   0.57 O1  1.54 P  2.16 CA2  2.29 O3
 Q10   1   0.3941  0.5958  0.1182   1.00000  0.05    0.21   1.14 O1  1.35 CA2  2.02 P  2.18 O3
 Q11   1   0.2673  0.4886  0.2500   0.50000  0.05    0.21   1.21 O1  1.95 P  2.00 O3  2.01 O1
 Q12   1   0.5990  0.6750  0.0339   1.00000  0.05    0.21   0.65 O3  1.55 P  2.18 O1  2.31 CA1
 Q13   1   0.7455  0.8423  0.1041   1.00000  0.05    0.21   0.91 O3  1.80 CA1  2.02 P  2.10 CL
 Q14   1   0.4119  0.3787  0.2500   0.50000  0.05    0.19   1.42 CA1  1.45 O1  2.12 O2  2.14 P
 Q15   1   0.5578  0.6770  0.1045   1.00000  0.05    0.18   0.86 O3  1.24 P  1.69 O1  2.19 CA2
 Q16   1   0.5890  0.4430  0.2500   0.50000  0.05    0.18   0.74 O2  1.71 P  2.21 O1  2.30 CA2
 Q17   1   0.6199  0.2849  0.0981   1.00000  0.05    0.17   0.80 CA2  1.62 O2  2.19 O2  2.23 O2
 Q18   1   0.4069  0.4618  0.2500   0.50000  0.05    0.17   0.65 O1  1.72 P  1.84 CA1  2.29 O2
 Q19   1   0.7138  0.4391 -0.1523   1.00000  0.05    0.17   1.36 CA2  1.49 O1  1.82 O1  2.06 O3
 Q20   1  -0.0699 -0.0307  0.2500   0.50000  0.05    0.16   0.57 F  1.04 CL  1.82 CA1  2.40 CA1

 Shortest distances between peaks (including symmetry equivalents)

     12  15  0.63      5  13  0.68      6   8  0.70      3   7  0.77      6  13  0.77     17  17  0.77      2  15  0.78
      2   5  0.80     14  18  0.80      2  12  0.82      3   9  0.83      1  14  0.85      7  10  0.86      7   9  0.88
      8  13  0.91     11  19  0.91      8  15  0.92     10  19  0.93      9  10  0.94      5   8  0.95      2   8  0.97
      7  18  0.99     20  20  0.99      4  16  1.04      3  18  1.06      5   6  1.08     10  19  1.10      8  12  1.12
      7  15  1.14      5  12  1.16      9  18  1.22      6  12  1.25      3  15  1.25      7   7  1.29      9  11  1.31
      9  19  1.31      2   4  1.32      1  18  1.33      6  15  1.33      9  19  1.34     10  15  1.33      5  15  1.34
     19  19  1.35      2   3  1.35      2  13  1.36      8  11  1.41      3  10  1.42      2   6  1.42      3   4  1.43
     10  11  1.43     15  19  1.44     11  18  1.45     14  16  1.46      9  11  1.46      2   2  1.48      9  15  1.49
     19  19  1.49      7  12  1.53     16  17  1.54      2   7  1.55     12  13  1.56     11  15  1.59      7  19  1.60
     10  18  1.60      7  14  1.62      8   8  1.63     10  17  1.64      8  19  1.66      7  11  1.66     13  15  1.67
      7  19  1.68      3  14  1.68      3  12  1.72      7  10  1.75     10  11  1.76     10  12  1.78      3  11  1.79
     17  19  1.80     16  18  1.81     10  10  1.81     10  19  1.82      3   8  1.83      2   8  1.84      3  19  1.84
     13  20  1.84      4   5  1.84     10  10  1.86      3  16  1.86      2   5  1.87      4   7  1.88      2  15  1.89
      4  15  1.89     10  17  1.91     10  19  1.91     18  19  1.91      2   9  1.92      6  11  1.92      5   5  1.93
      3  11  1.94     10  19  1.95     16  17  1.95      4  12  1.96     12  19  1.96      4  18  1.97      7  15  1.97
      2  11  1.98     17  19  1.98      7   8  1.99     15  15  2.00      7  11  2.00     12  14  2.01     13  13  2.01
      5   8  2.01     19  19  2.01      6  19  2.01      9  14  2.02      5   6  2.02      2  10  2.03      8  13  2.03
      8  15  2.03      1  11  2.03      4  14  2.04      8   9  2.05     15  18  2.06      3  19  2.06      9  12  2.06
      7  19  2.07      8  10  2.07      2   7  2.08     11  14  2.08      5  13  2.08     10  17  2.09      1  12  2.09
     17  17  2.09      1   8  2.10     11  19  2.10      1  13  2.11      2  19  2.11      7  16  2.12      3   5  2.12
      7  19  2.13     17  19  2.14      4  17  2.14      1   6  2.15     11  12  2.15      9  10  2.17      1   7  2.17
     16  17  2.18      2  16  2.18      5  20  2.18     15  19  2.18     11  19  2.19      2  13  2.20     11  13  2.21
      4   8  2.22      8  19  2.22     17  17  2.23      9   9  2.23     15  19  2.24     10  15  2.24      2  18  2.25
      1  16  2.25      9  19  2.25      2  12  2.26      6   8  2.26      8  10  2.26      4   9  2.26      8  18  2.29
      5  11  2.29      9  10  2.30      5  13  2.31     10  14  2.31      7  17  2.32      5   7  2.32     12  18  2.33
     10  15  2.33     15  17  2.34     15  17  2.34      2   6  2.35      7  12  2.35      6  12  2.37      1   3  2.37
      5  15  2.38      1  20  2.39      1   6  2.41      6  10  2.41     12  18  2.42     18  19  2.43     12  17  2.44
     12  17  2.44      6  13  2.45      6  10  2.46      4  13  2.46      3   6  2.46      7   8  2.46      6  18  2.46
      1   9  2.47      8  12  2.47      6   7  2.47      7  12  2.48      2   6  2.49     12  16  2.49     10  19  2.50
      6  13  2.50      7   8  2.52     12  15  2.52      1   5  2.53      5  19  2.53     13  13  2.53     11  11  2.54
     13  19  2.54     13  20  2.54      2  19  2.54     14  15  2.54      3  13  2.55      6  20  2.55      8  20  2.55
      8  14  2.56      8   9  2.56     15  16  2.56      5   6  2.57      6  17  2.57      4   6  2.57      7  10  2.57
      9  17  2.58     10  16  2.58     14  17  2.59     10  10  2.60     11  15  2.60     12  16  2.60      6  14  2.60
      2  10  2.61     14  19  2.61      6   7  2.61     13  15  2.61      9  16  2.62      7  17  2.62      5   9  2.62
     11  17  2.62     14  15  2.63     11  18  2.63      6   9  2.64      6  14  2.65      7  10  2.65     16  16  2.65
      1  10  2.66      5   8  2.66      5  12  2.66      1   5  2.66      2  14  2.67      9  15  2.67     10  12  2.67
      4  10  2.68      5  10  2.67      8  17  2.68      1  19  2.68     10  11  2.68      1  15  2.69      8  10  2.69
      1  13  2.70     12  19  2.70     13  20  2.70      7   7  2.71      5  20  2.72      4   6  2.72     14  17  2.72
      6  15  2.72      1   2  2.73      9  17  2.75      7  19  2.75      2  14  2.75     15  16  2.75      9  11  2.75
      7  13  2.76      3  10  2.76     13  18  2.76     12  13  2.76      4  17  2.76      6   6  2.77     13  14  2.77
      5  16  2.77     15  19  2.78      7  15  2.78     10  12  2.78      7  15  2.78      4  17  2.79      1   4  2.79
      7   9  2.79      5  14  2.79      6  19  2.80     15  18  2.80     12  19  2.80      5   7  2.81      2  13  2.82
      6   6  2.82      8  18  2.82      2   7  2.82      2  20  2.82      8  12  2.83      7  16  2.83      4  11  2.83
      8  10  2.84      1   8  2.84     12  14  2.86      3   9  2.86     15  18  2.86      6  13  2.86     15  19  2.87
      9  18  2.87      6   9  2.87     11  17  2.87     15  17  2.87      5   5  2.88      7  17  2.88      8  19  2.89
      7   9  2.89      6  15  2.89      3  12  2.89     12  12  2.89      4  10  2.90      1   4  2.90     12  13  2.90
      6   8  2.90      7   8  2.90      9  13  2.91      4  14  2.91      2  19  2.92      2  10  2.92      6  17  2.92
      8  17  2.92     10  12  2.93      1  15  2.93     10  13  2.94      9  17  2.94      2   8  2.94     10  15  2.95
      1  20  2.95      2  18  2.95      8  14  2.95      1   2  2.97     12  12  2.98      2  17  2.98     10  16  2.98
      4  16  2.98      3  17  2.98      7  10  2.99      4   7  3.00     10  18  3.00


 Time profile in seconds
 -----------------------

      0.00: Read and process instructions
      0.00: Fit rigid groups
      0.00: Interpret restraints etc.
      0.00: Generate connectivity array
      0.00: Analyse DFIX/DANG restraints
      0.00: Analyse SAME/SADI restraints
      0.00: Generate CHIV restraints
      0.00: Check if bonds in residues restrained
      0.00: Generate DELU restraints
      0.00: Generate SIMU restraints
      0.00: Generate ISOR restraints
      0.00: Generate NCSY restraints
      0.00: Analyse other restraints etc.
      0.09: Read intensity data, sort/merge etc.
      0.00: Set up constraints
      0.00: OSF, H-atoms from difference map
      0.00: Set up l.s. refinement
      0.00: Generate idealized H-atoms
      0.02: Structure factors and derivatives
      0.00: Sum l.s. matrices
      0.00: Generate and apply antibumping restraints
      0.00: Apply other restraints
      0.00: Solve l.s. equations
      0.00: Generate HTAB table
      0.00: Other dependent quantities, CIF, tables
      0.00: Analysis of variance
      0.02: Merge reflections for Fourier and .fcf
      0.00: Fourier summations
      0.03: Peaksearch
      0.00: Analyse peaklist

 +++++++++++++++++++++++++++++++++++++++++++++++++++++++++++++++++++++++++++++
 +  gr5ap             finished at 14:10:19   Total CPU time:       0.2 secs  +
 +++++++++++++++++++++++++++++++++++++++++++++++++++++++++++++++++++++++++++++
