
 ++++++++++++++++++++++++++++++++++++++++++++++++++++++++++++++++
 +  SHELXL-97 - CRYSTAL STRUCTURE REFINEMENT - WINDOWS VERSION  +
 +  Copyright(C) George M. Sheldrick 1993-7       Release 97-2  +
 +  gr5ap                   started at 11:44:02 on 22-Jan-2020  +
 ++++++++++++++++++++++++++++++++++++++++++++++++++++++++++++++++

 TITL Gr5Ap1 in P6(3)/m
 REM P6(3)/m (#176 in standard setting)
 CELL 0.71073   9.39686   9.39686   6.8854  90  90 120
 ZERR    2.00   0.00013   0.00013   0.0001   0   0   0
 LATT  1
 SYMM -y, x-y, z
 SYMM -x+y,-x, z
 SYMM -x,-y, z+1/2
 SYMM  y,-x+y, z+1/2
 SYMM  x-y, x, z+1/2
 SFAC O F P Ca Cl
 UNIT 24.00 1.92 6.00 10.00 0.08

 V =      526.53     F(000) =     500.6     Mu =   3.09 mm-1      Cell Wt =     1009.94    Rho =  3.185

  
 L.S. 4
 BOND
 FMAP 2
 PLAN 20
  
 WGHT      0.0192      0.4103
 EXTI    0.044516
 FVAR       1.98070
 ACTA
 CA1   4    0.333333    0.666667    0.498836    10.33333    0.01261    0.01261 =
          0.00731    0.00000    0.00000    0.00630
 CA2   4    0.750796    0.757878    0.250000    10.50000    0.01086    0.01164 =
          0.00812    0.00000    0.00000    0.00699
 P3    3    0.970535    0.601526    0.250000    10.50000    0.00616    0.00725 =
          0.00696    0.00000    0.00000    0.00332
 F     2    1.000000    1.000000    0.250000    10.16000    0.01015    0.01015 =
          0.04734    0.00000    0.00000    0.00507
 O1    1    0.878784    0.412081    0.250000    10.50000    0.01069    0.00808 =
          0.02085    0.00000    0.00000    0.00381
 O2    1    1.157439    0.672834    0.250000    10.50000    0.00704    0.01560 =
          0.01258    0.00000    0.00000    0.00542
 O3    1    0.915447    0.658210    0.070446    11.00000    0.01465    0.02631 =
          0.01092    0.00741    0.00282    0.01386
 CL    5    1.000000    1.000000    0.125501    10.01333    0.05773    0.05773 =
          0.13307    0.00000    0.00000    0.02887
 HKLF 4


 Covalent radii and connectivity table for  Gr5Ap1 in P6(3)/m                                                          

 O    0.660
 F    0.640
 P    1.100
 CA   1.970
 CL   0.990

 Ca1 - O2_$17 O2_$13 O2_$18 O1_$10 O1_$15 O1_$2 O3_$20 O3_$19 O3_$21 P3_$10 P3_$2 P3_$15
 Ca2 - F O3_$20 O3_$9 O1_$17 Cl_$4 Cl O3_$4 O3 O2_$13 P3 P3_$13 P3_$17
 P3 - O3 O3_$4 O2 O1 Ca2 Ca1_$2 Ca1_$3 Ca2_$8 Ca2_$12
 F - Cl_$4 Cl Ca2_$8 Ca2 Ca2_$13
 O1 - P3 Ca2_$12 Ca1_$2 Ca1_$3
 O2 - P3 Ca1_$1 Ca1_$5 Ca2_$8
 O3 - P3 Ca2_$14 Ca2 Ca1_$3
 Cl - F Cl_$4 Cl_$22 Ca2_$8 Ca2 Ca2_$13


 Operators for generating equivalent atoms:

 $1   x+1, y, z
 $2   -x+1, -y+1, -z+1
 $3   -x+1, -y+1, z-1/2
 $4   x, y, -z+1/2
 $5   x+1, y, -z+1/2
 $6   x, y, -z+3/2
 $7   -y+1, x-y+1, z
 $8   -y+2, x-y+1, z
 $9   y, -x+y+1, -z
 $10  y, -x+y+1, -z+1
 $11  -x+y, -x+1, z
 $12  -x+y+1, -x+1, z
 $13  -x+y+1, -x+2, z
 $14  x-y+1, x, -z
 $15  x-y, x, -z+1
 $16  x-y+1, x, -z+1
 $17  -y+1, x-y, z
 $18  x-1, y, z
 $19  -x+1, -y+1, z+1/2
 $20  y, -x+y+1, z+1/2
 $21  x-y, x, z+1/2
 $22  -x+2, -y+2, -z


   h   k   l       Fo^2      Sigma      Why rejected

   0   0   3       33.99      7.93     observed but should be systematically absent


   21146  Reflections read, of which    24  rejected

 -14 =< h =< 15,    -15 =< k =< 15,    -11 =< l =< 11,   Max. 2-theta =   69.57

       1  Systematic absence violations

       0  Inconsistent equivalents

     813  Unique reflections, of which      0  suppressed

 R(int) = 0.0368     R(sigma) = 0.0111      Friedel opposites merged

 Maximum memory for data reduction =  2029 /    8818


 Special position constraints for Ca1
 x =  0.3333              y =  0.6667              U22 = 1.0 * U11          U23 = 0                  U13 = 0                  
 U12 = 0.5 * U11          sof = 0.33333            
 Input constraints retained (at least in part) for  sof

 Special position constraints for Ca2
 z =  0.2500              U23 = 0                  U13 = 0                  sof = 0.50000            
 Input constraints retained (at least in part) for  sof

 Special position constraints for P3
 z =  0.2500              U23 = 0                  U13 = 0                  sof = 0.50000            
 Input constraints retained (at least in part) for  sof

 Special position constraints for F
 x =  1.0000              y =  1.0000              z =  0.2500              U22 = 1.0 * U11          U23 = 0                  
 U13 = 0                  U12 = 0.5 * U11          sof = 0.16667            
 Input constraints retained (at least in part) for  sof

 Special position constraints for O1
 z =  0.2500              U23 = 0                  U13 = 0                  sof = 0.50000            
 Input constraints retained (at least in part) for  sof

 Special position constraints for O2
 z =  0.2500              U23 = 0                  U13 = 0                  sof = 0.50000            
 Input constraints retained (at least in part) for  sof

 Special position constraints for Cl
 x =  1.0000              y =  1.0000              U22 = 1.0 * U11          U23 = 0                  U13 = 0                  
 U12 = 0.5 * U11          sof = 0.33333            
 Input constraints retained (at least in part) for  sof


 Least-squares cycle   1      Maximum vector length =  511      Memory required =   2168 /   68995

 wR2 =  0.0443 before cycle   1 for    813 data and    43 /    43 parameters

 GooF = S =     1.096;     Restrained GooF =      1.096  for      0 restraints

 Weight = 1 / [ sigma^2(Fo^2) + ( 0.0192 * P )^2 +   0.41 * P ]   where  P = ( Max ( Fo^2, 0 ) + 2 * Fc^2 ) / 3


     N      value        esd    shift/esd  parameter

     1     1.98193     0.00433     0.284    OSF
     2     0.04494     0.00192     0.222   EXTI    

 Mean shift/esd =   0.076    Maximum =   0.284 for  OSF          

 Max. shift = 0.004 A for Cl      Max. dU = 0.003 for Cl           


 Least-squares cycle   2      Maximum vector length =  511      Memory required =   2168 /   68995

 wR2 =  0.0443 before cycle   2 for    813 data and    43 /    43 parameters

 GooF = S =     1.096;     Restrained GooF =      1.096  for      0 restraints

 Weight = 1 / [ sigma^2(Fo^2) + ( 0.0192 * P )^2 +   0.41 * P ]   where  P = ( Max ( Fo^2, 0 ) + 2 * Fc^2 ) / 3


     N      value        esd    shift/esd  parameter

     1     1.98223     0.00434     0.068    OSF
     2     0.04507     0.00193     0.067   EXTI    

 Mean shift/esd =   0.037    Maximum =   0.200 for  U11 Cl       

 Max. shift = 0.006 A for Cl      Max. dU = 0.003 for Cl           


 Least-squares cycle   3      Maximum vector length =  511      Memory required =   2168 /   68995

 wR2 =  0.0443 before cycle   3 for    813 data and    43 /    43 parameters

 GooF = S =     1.096;     Restrained GooF =      1.096  for      0 restraints

 Weight = 1 / [ sigma^2(Fo^2) + ( 0.0192 * P )^2 +   0.41 * P ]   where  P = ( Max ( Fo^2, 0 ) + 2 * Fc^2 ) / 3


     N      value        esd    shift/esd  parameter

     1     1.98226     0.00434     0.006    OSF
     2     0.04507     0.00193    -0.001   EXTI    

 Mean shift/esd =   0.015    Maximum =   0.161 for  U11 Cl       

 Max. shift = 0.005 A for Cl      Max. dU = 0.002 for Cl           


 Least-squares cycle   4      Maximum vector length =  511      Memory required =   2168 /   68995

 wR2 =  0.0443 before cycle   4 for    813 data and    43 /    43 parameters

 GooF = S =     1.096;     Restrained GooF =      1.096  for      0 restraints

 Weight = 1 / [ sigma^2(Fo^2) + ( 0.0192 * P )^2 +   0.41 * P ]   where  P = ( Max ( Fo^2, 0 ) + 2 * Fc^2 ) / 3


     N      value        esd    shift/esd  parameter

     1     1.98227     0.00434     0.003    OSF
     2     0.04506     0.00193    -0.003   EXTI    

 Mean shift/esd =   0.011    Maximum =   0.127 for  U11 Cl       

 Max. shift = 0.003 A for Cl      Max. dU = 0.001 for Cl           


 Largest correlation matrix elements

     0.684 U12 Ca2 / U22 Ca2                 0.610 U11 Ca1 / OSF                     0.563 U13 O3 / U23 O3
     0.673 EXTI / OSF                        0.592 y O3 / x O3                       0.536 U11 Ca2 / OSF 
     0.668 U12 Ca2 / U11 Ca2                 0.591 U12 O2 / U11 O2                   0.534 y Ca2 / x Ca2
     0.658 U12 O3 / U22 O3                   0.582 U12 O1 / U22 O1                   0.520 y O2 / x O2
     0.649 U12 O3 / U11 O3                   0.576 U12 O1 / U11 O1                   0.504 y P3 / x P3
     0.629 U12 P3 / U22 P3                   0.574 U12 O2 / U22 O2
     0.621 U12 P3 / U11 P3                  -0.567 U11 Cl / U11 F



  Gr5Ap1 in P6(3)/m                                                          

 ATOM           x         y         z          sof         U11       U22       U33       U23       U13       U12        Ueq

 Ca1         0.33333   0.66667   0.49884     0.33333     0.01263   0.01263   0.00732   0.00000   0.00000   0.00631    0.01086
   0.00036   0.00000   0.00000   0.00005     0.00000     0.00011   0.00011   0.00015   0.00000   0.00000   0.00005    0.00009

 Ca2         0.75079   0.75787   0.25000     0.50000     0.01088   0.01165   0.00813   0.00000   0.00000   0.00700    0.00961
   0.00060   0.00004   0.00004   0.00000     0.00000     0.00013   0.00013   0.00012   0.00000   0.00000   0.00010    0.00008

 P3          0.97053   0.60153   0.25000     0.50000     0.00619   0.00728   0.00698   0.00000   0.00000   0.00334    0.00682
   0.00070   0.00004   0.00004   0.00000     0.00000     0.00015   0.00015   0.00015   0.00000   0.00000   0.00012    0.00008

 F           1.00000   1.00000   0.25000     0.16000     0.00992   0.00992   0.04819   0.00000   0.00000   0.00496    0.02268
   0.00000   0.00000   0.00000   0.00000     0.00000     0.00054   0.00054   0.00156   0.00000   0.00000   0.00027    0.00049

 O1          0.87878   0.41208   0.25000     0.50000     0.01076   0.00808   0.02088   0.00000   0.00000   0.00382    0.01363
   0.00225   0.00014   0.00014   0.00000     0.00000     0.00046   0.00043   0.00055   0.00000   0.00000   0.00037    0.00021

 O2          1.15744   0.67283   0.25000     0.50000     0.00707   0.01561   0.01258   0.00000   0.00000   0.00543    0.01186
   0.00232   0.00013   0.00015   0.00000     0.00000     0.00041   0.00048   0.00047   0.00000   0.00000   0.00038    0.00019

 O3          0.91545   0.65821   0.07046     1.00000     0.01469   0.02631   0.01094   0.00743   0.00282   0.01388    0.01570
   0.00210   0.00010   0.00011   0.00012     0.00000     0.00034   0.00042   0.00035   0.00031   0.00028   0.00032    0.00017

 Cl          1.00000   1.00000   0.12278     0.01333     0.06478   0.06478   0.15083   0.00000   0.00000   0.03239    0.09347
   0.06014   0.00000   0.00000   0.00873     0.00000     0.01132   0.01132   0.04040   0.00000   0.00000   0.00566    0.01395



 Final Structure Factor Calculation for  Gr5Ap1 in P6(3)/m                                                          

 Total number of l.s. parameters =    43     Maximum vector length =  511      Memory required =   2125 /   24017

 wR2 =  0.0443 before cycle   5 for    813 data and     0 /    43 parameters

 GooF = S =     1.096;     Restrained GooF =      1.096  for      0 restraints

 Weight = 1 / [ sigma^2(Fo^2) + ( 0.0192 * P )^2 +   0.41 * P ]   where  P = ( Max ( Fo^2, 0 ) + 2 * Fc^2 ) / 3

 R1 =  0.0179 for    756 Fo > 4sig(Fo)  and  0.0206 for all    813 data
 wR2 =  0.0443,  GooF = S =   1.096,  Restrained GooF =    1.096  for all data

 Occupancy sum of asymmetric unit =    3.51 for non-hydrogen and    0.00 for hydrogen atoms



 Principal mean square atomic displacements U

   0.0126   0.0126   0.0073   Ca1  
   0.0122   0.0085   0.0081   Ca2  
   0.0074   0.0070   0.0061   P3  
   0.0482   0.0099   0.0099   F  
   0.0209   0.0119   0.0081   O1  
   0.0164   0.0126   0.0066   O2  
   0.0293   0.0105   0.0073   O3  
   0.1508   0.0648   0.0648   Cl  



 Analysis of variance for reflections employed in refinement      K = Mean[Fo^2] / Mean[Fc^2]  for group


 Fc/Fc(max)       0.000    0.013    0.026    0.041    0.057    0.074    0.094    0.117    0.145    0.200    1.000

 Number in group        85.      78.      84.      82.      80.      80.      81.      80.      82.      81.

            GooF      1.094    0.885    1.102    1.291    0.968    1.228    1.064    1.223    1.066    0.957

             K        1.524    1.002    0.993    1.000    0.987    1.008    0.995    1.002    1.005    0.995


 Resolution(A)    0.62     0.65     0.67     0.71     0.74     0.79     0.85     0.94     1.09     1.37     inf

 Number in group        83.      80.      81.      81.      82.      81.      81.      81.      81.      82.

            GooF      0.978    1.037    0.833    0.902    0.745    0.744    0.773    0.829    1.341    2.060

             K        1.017    1.022    1.015    1.008    0.990    0.992    0.999    0.995    0.992    0.997

             R1       0.053    0.035    0.023    0.023    0.015    0.015    0.013    0.013    0.016    0.020


 Recommended weighting scheme:  WGHT      0.0186      0.4167
 Note that in most cases convergence will be faster if fixed weights (e.g. the
 default WGHT 0.1) are retained until the refinement is virtually complete, and
 only then should the above recommended values be used.



 Most Disagreeable Reflections (* if suppressed or used for Rfree)

     h   k   l        Fo^2         Fc^2   Delta(F^2)/esd  Fc/Fc(max)  Resolution(A)

    -1   2   0        143.66         97.10       5.96       0.047       4.70
     0   2   0        768.39        644.07       5.39       0.122       4.07
    -2   3   2        310.11        247.86       4.92       0.075       2.29
    -1   2   3       1562.19       1394.49       4.19       0.179       2.06
    -1   4   1        602.54        525.59       3.86       0.110       2.14
    -2   4   0        105.17        134.89       3.57       0.056       2.35
    -3   4   0       8927.58       8192.85       3.56       0.434       2.26
    -1   2   5        254.90        300.82       3.48       0.083       1.32
    -2   5   0          9.76          3.23       3.34       0.009       1.87
    -1   4   5        207.75        243.98       3.08       0.075       1.18
     0   3   1        809.84        735.49       3.00       0.130       2.52
    -2   4   1        654.20        723.60       2.97       0.129       2.22
    -1   3   2       1125.11       1032.98       2.92       0.154       2.29
     0   2   3       1297.97       1200.75       2.76       0.166       2.00
    -6   8   1        198.94        227.81       2.52       0.072       1.11
     0  12   2         12.38          4.10       2.51       0.010       0.67
    -2   4   3         22.51         32.05       2.50       0.027       1.64
   -11  12   4         20.46         10.49       2.46       0.016       0.65
     0  11   4        103.82         83.76       2.44       0.044       0.68
     0   0   4      41208.64      43574.58       2.40       1.000       1.72
    -8  14   1         45.59         60.35       2.38       0.037       0.67
    -4   7   9          8.45          1.15       2.36       0.005       0.66
    -2   4   4          2.43          0.31       2.35       0.003       1.39
    -5   6   3         65.00         52.21       2.34       0.035       1.23
    -1   5   5         79.62         95.92       2.32       0.047       1.09
    -5   7   0       1138.01       1219.60       2.29       0.167       1.30
    -1   2   1        414.28        453.14       2.28       0.102       3.88
    -2   4   5        478.28        521.60       2.28       0.109       1.19
   -11  13   4         -3.82         21.15       2.25       0.022       0.63
     0   2   4         27.88         37.20       2.24       0.029       1.59
    -5   6   4          3.75          0.61       2.21       0.004       1.11
     0   2   5        182.82        205.83       2.15       0.069       1.30
    -3   4   2       3014.33       2867.91       2.06       0.257       1.89
     0   1   3         99.22         85.17       2.06       0.044       2.21
    -6   7   0       1636.63       1732.43       2.05       0.199       1.24
    -1   6  10         23.12         49.63       2.03       0.034       0.62
   -10  13   2        331.46        300.19       2.02       0.083       0.68
    -8   9   0         25.83         17.46       2.01       0.020       0.95
     0   5   1       1003.45        945.66       1.95       0.147       1.58
    -1   7   2         16.05         10.70       1.95       0.016       1.17
    -2  13   4        409.70        345.00       1.95       0.089       0.63
    -6  13   0        592.17        640.72       1.95       0.121       0.72
     0   2   1        194.08        175.43       1.86       0.063       3.50
     0   4   5        117.89        133.58       1.85       0.055       1.14
    -7  13   0        862.76        807.34       1.85       0.136       0.72
    -1   8   0        314.31        288.57       1.82       0.081       1.08
    -2   3   0        232.51        212.03       1.80       0.070       3.08
    -4   7   1         89.85         77.88       1.80       0.042       1.31
    -5   9   0         60.48         72.08       1.80       0.041       1.04
    -1   4   4        196.78        216.62       1.80       0.071       1.37



 Bond lengths and angles

 Ca1 -       Distance       Angles
 O2_$17    2.4014 (0.0008) 
 O2_$13    2.4014 (0.0008)   74.72 (0.03)
 O2_$18    2.4014 (0.0008)   74.72 (0.03)  74.72 (0.03)
 O1_$10    2.4568 (0.0009)   92.58 (0.03) 124.11 (0.04) 154.29 (0.04)
 O1_$15    2.4569 (0.0009)  154.29 (0.04)  92.58 (0.03) 124.10 (0.04)  75.93 (0.03)
 O1_$2     2.4569 (0.0009)  124.10 (0.04) 154.29 (0.04)  92.57 (0.03)  75.93 (0.03)  75.93 (0.03)
 O3_$20    2.8091 (0.0010)   86.71 (0.03)  68.93 (0.03) 142.43 (0.03)  55.95 (0.03)  67.75 (0.03) 124.60 (0.03)
 O3_$19    2.8091 (0.0010)   68.93 (0.03) 142.43 (0.03)  86.71 (0.03)  67.75 (0.03) 124.60 (0.03)  55.95 (0.03) 116.99 (0.01)
 O3_$21    2.8092 (0.0009)  142.43 (0.03)  86.71 (0.03)  68.93 (0.03) 124.60 (0.03)  55.95 (0.03)  67.75 (0.03) 116.99 (0.01)
 P3_$10    3.2091 (0.0004)   92.90 (0.02)  97.47 (0.03) 166.64 (0.02)  27.73 (0.03)  66.22 (0.03)  98.65 (0.02)  28.57 (0.02)
 P3_$2     3.2092 (0.0004)   97.47 (0.03) 166.64 (0.02)  92.90 (0.02)  66.22 (0.03)  98.65 (0.02)  27.73 (0.03) 122.16 (0.02)
 P3_$15    3.2092 (0.0004)  166.64 (0.02)  92.90 (0.02)  97.47 (0.03)  98.65 (0.02)  27.73 (0.03)  66.22 (0.03)  93.56 (0.02)
               Ca1 -         O2_$17        O2_$13        O2_$18        O1_$10        O1_$15        O1_$2         O3_$20       

 Ca2 -       Distance       Angles
 F         2.3092 (0.0003) 
 O3_$20    2.3499 (0.0008)  102.82 (0.02)
 O3_$9     2.3500 (0.0008)  102.82 (0.02) 139.76 (0.05)
 O1_$17    2.3750 (0.0012)  152.49 (0.03)  85.67 (0.02)  85.67 (0.02)
 Cl_$4     2.4698 (0.0217)   20.77 (1.31)  82.79 (1.26) 122.72 (1.25) 146.03 (0.74)
 Cl        2.4698 (0.0217)   20.77 (1.31) 122.72 (1.25)  82.79 (1.26) 146.02 (0.74)  41.54 (2.62)
 O3_$4     2.4996 (0.0009)   81.74 (0.02)  78.04 (0.02) 136.18 (0.03)  74.42 (0.03)  71.96 (0.57)  92.36 (0.67)
 O3        2.4997 (0.0009)   81.74 (0.02) 136.18 (0.03)  78.04 (0.02)  74.42 (0.03)  92.36 (0.68)  71.96 (0.57)  59.28 (0.04)
 O2_$13    2.6994 (0.0013)  106.64 (0.03)  71.62 (0.02)  71.62 (0.02) 100.87 (0.04) 105.53 (0.14) 105.53 (0.14) 149.59 (0.02)
 P3        3.0750 (0.0005)   83.01 (0.01) 106.73 (0.02) 106.73 (0.02)  69.48 (0.03)  83.47 (0.06)  83.47 (0.06)  29.74 (0.02)
 P3_$13    3.2640 (0.0005)   78.81 (0.01)  77.60 (0.02)  77.60 (0.02) 128.70 (0.03)  79.54 (0.09)  79.54 (0.09) 144.39 (0.02)
 P3_$17    3.4951 (0.0005)  173.69 (0.01)  78.95 (0.02)  78.95 (0.02)  21.20 (0.03) 158.33 (1.25) 158.33 (1.25)  92.78 (0.02)
               Ca2 -         F             O3_$20        O3_$9         O1_$17        Cl_$4         Cl            O3_$4        

 P3 -        Distance       Angles
 O3        1.5347 (0.0008) 
 O3_$4     1.5347 (0.0008)  107.31 (0.07)
 O2        1.5353 (0.0011)  111.06 (0.04) 111.06 (0.04)
 O1        1.5420 (0.0012)  108.05 (0.05) 108.05 (0.05) 111.17 (0.07)
 Ca2       3.0750 (0.0005)   53.89 (0.03)  53.89 (0.03) 133.35 (0.05) 115.48 (0.05)
 Ca1_$2    3.2092 (0.0004)  112.62 (0.04)  61.08 (0.04) 135.83 (0.03)  47.86 (0.03)  80.14 (0.01)
 Ca1_$3    3.2092 (0.0004)   61.08 (0.04) 112.61 (0.04) 135.83 (0.03)  47.86 (0.03)  80.14 (0.01)  65.21 (0.01)
 Ca2_$8    3.2640 (0.0005)   79.53 (0.04)  79.53 (0.04)  55.17 (0.05) 166.34 (0.05)  78.18 (0.01) 140.56 (0.01) 140.56 (0.01)
 Ca2_$12   3.4950 (0.0005)  122.59 (0.04) 122.60 (0.04)  77.32 (0.05)  33.84 (0.04) 149.32 (0.01)  74.12 (0.01)  74.12 (0.01)
               P3 -          O3            O3_$4         O2            O1            Ca2           Ca1_$2        Ca1_$3       

 F -         Distance       Angles
 Cl_$4     0.8759 (0.0601) 
 Cl        0.8759 (0.0601)  180.00 (0.00)
 Ca2_$8    2.3092 (0.0003)   90.00 (0.02)  90.00 (0.02)
 Ca2       2.3092 (0.0003)   90.00 (0.03)  90.00 (0.03) 120.00       
 Ca2_$13   2.3093 (0.0003)   90.00 (0.01)  90.00 (0.01) 120.00        120.00       
               F -           Cl_$4         Cl            Ca2_$8        Ca2          

 O1 -        Distance       Angles
 P3        1.5420 (0.0012) 
 Ca2_$12   2.3750 (0.0012)  124.96 (0.07)
 Ca1_$2    2.4569 (0.0009)  104.40 (0.04) 113.75 (0.03)
 Ca1_$3    2.4570 (0.0009)  104.40 (0.04) 113.75 (0.03)  89.48 (0.04)
               O1 -          P3            Ca2_$12       Ca1_$2       

 O2 -        Distance       Angles
 P3        1.5353 (0.0011) 
 Ca1_$1    2.4013 (0.0008)  129.83 (0.03)
 Ca1_$5    2.4014 (0.0008)  129.83 (0.03)  91.04 (0.04)
 Ca2_$8    2.6994 (0.0013)   97.00 (0.05) 101.77 (0.04) 101.76 (0.04)
               O2 -          P3            Ca1_$1        Ca1_$5       

 O3 -        Distance       Angles
 P3        1.5347 (0.0008) 
 Ca2_$14   2.3499 (0.0008)  142.09 (0.05)
 Ca2       2.4997 (0.0009)   96.37 (0.04) 117.44 (0.03)
 Ca1_$3    2.8091 (0.0009)   90.35 (0.04)  99.95 (0.03)  99.17 (0.03)
               O3 -          P3            Ca2_$14       Ca2          

 Cl -        Distance       Angles
 F         0.8759 (0.0601) 
 Cl_$4     1.7518 (0.1203)    0.00 (0.01)
 Cl_$22    1.6909 (0.1203)  180.00 (0.00) 180.00 (0.02)
 Ca2_$8    2.4697 (0.0214)   69.23 (1.30)  69.23 (1.31) 110.77 (1.32)
 Ca2       2.4698 (0.0214)   69.23 (1.31)  69.23 (1.29) 110.77 (1.32) 108.14 (1.37)
 Ca2_$13   2.4698 (0.0214)   69.23 (1.31)  69.23 (1.30) 110.77 (1.30) 108.14 (1.36) 108.14 (1.36)
               Cl -          F             Cl_$4         Cl_$22        Ca2_$8        Ca2          


 FMAP and GRID set by program

 FMAP   2   3  16
 GRID    -1.923  -2  -2     1.923   2   2

 R1 =  0.0202 for    813 unique reflections after merging for Fourier


 Electron density synthesis with coefficients Fo-Fc

 Highest peak    0.89  at  0.6870  0.7039  0.2500  [  0.56 A from CA2 ]
 Deepest hole   -0.42  at  0.0210  0.1939  0.2500  [  0.60 A from CA2 ]

 Mean =    0.00,   Rms deviation from mean =    0.09 e/A^3,   Highest memory used =  2451 / 17475


 Fourier peaks appended to .res file

              x       y       z       sof     U      Peak   Distances to nearest atoms (including symmetry equivalents)

 Q1    1   0.6870  0.7039  0.2500   0.50000  0.05    0.89   0.56 CA2  1.94 O1  2.27 O3  2.53 O2
 Q2    1   0.9556  0.6410  0.1417   1.00000  0.05    0.46   0.69 O3  0.87 P3  1.92 O2  2.04 O1
 Q3    1   0.9183  0.5074  0.2500   0.50000  0.05    0.38   0.77 P3  0.78 O1  1.89 O3  1.99 O2
 Q4    1   1.0669  0.6340  0.2500   0.50000  0.05    0.35   0.74 O2  0.80 P3  1.95 O1  1.98 O3
 Q5    1   0.9647  0.7237  0.1104   1.00000  0.05    0.32   0.62 O3  1.52 P3  2.27 O3  2.30 O2
 Q6    1   0.8491  0.6720  0.0392   1.00000  0.05    0.26   0.73 O3  2.09 CA2  2.15 P3  2.31 CA2
 Q7    1   0.8949  0.4561  0.1562   1.00000  0.05    0.25   0.74 O1  1.35 P3  1.90 O3  2.15 CA1
 Q8    1   0.8374  0.4328  0.2500   0.50000  0.05    0.24   0.51 O1  1.45 P3  2.22 CA1  2.24 O3
 Q9    1   0.7983  0.3969  0.1182   1.00000  0.05    0.22   1.14 O1  1.35 CA1  2.01 P3  2.16 O3
 Q10   1   0.8560  0.6377  0.1318   1.00000  0.05    0.21   0.65 O3  1.52 P3  2.01 CA2  2.11 O3
 Q11   1   0.9013  0.7427  0.1030   1.00000  0.05    0.21   0.90 O3  1.80 CA2  2.02 P3  2.12 CL
 Q12   1   0.7678  0.2692  0.2500   0.50000  0.05    0.20   1.22 O1  1.93 O1  1.96 P3  2.05 O3
 Q13   1   0.9280  0.6008  0.0342   1.00000  0.05    0.20   0.66 O3  1.54 P3  2.18 O1  2.31 CA2
 Q14   1   0.5970  0.6216  0.2500   0.50000  0.05    0.20   1.37 CA2  1.41 O1  2.17 P3  2.20 O2
 Q15   1   1.1440  0.5861  0.2500   0.50000  0.05    0.20   0.76 O2  1.71 P3  2.19 O1  2.31 CA1
 Q16   1   1.1310  0.6364  0.1779   1.00000  0.05    0.19   0.58 O2  1.46 P3  2.15 CA1  2.26 O3
 Q17   1   0.8792  0.5550  0.1060   1.00000  0.05    0.18   0.89 O3  1.24 P3  1.67 O1  2.17 CA1
 Q18   1   0.3782  0.7174  0.4018   1.00000  0.05    0.18   0.81 CA1  1.62 O2  2.17 O2  2.25 O2
 Q19   1   0.9430  0.4035  0.2500   0.50000  0.05    0.18   0.65 O1  1.75 P3  1.83 CA2  2.32 O2
 Q20   1   0.2623  0.6976  0.6520   1.00000  0.05    0.17   1.36 CA1  1.38 O1  1.94 O1  2.15 O3

 Shortest distances between peaks (including symmetry equivalents)

     13  17  0.66      5  11  0.70      3   8  0.73      6  10  0.73     15  16  0.74      6  11  0.74      2   5  0.77
     14  19  0.77      3   7  0.77      4  16  0.77     18  18  0.78      7   8  0.80      2  17  0.80      1  14  0.81
      2  13  0.81      9  20  0.81      7   9  0.83     12  20  0.85     10  11  0.88      2  10  0.92     10  17  0.92
      5  10  0.94      8   9  0.97     16  16  0.99      4  15  1.03      7  19  1.04      5   6  1.06      7  17  1.07
      3  19  1.11     10  13  1.12      5  13  1.15      8  19  1.15      9  20  1.19      3  17  1.22      6  13  1.22
      9  17  1.29      7   7  1.29      8  20  1.30      3   4  1.30      2   4  1.31      2  11  1.32      8  12  1.34
      1  19  1.34      6  17  1.35      2   3  1.35     20  20  1.35      2   6  1.37      5  17  1.37      9  12  1.41
      3   9  1.42      8  17  1.42      8  12  1.42     16  18  1.43      7  20  1.46     20  20  1.47      8  20  1.49
     10  12  1.49      2   2  1.49     12  19  1.49      7  13  1.49     14  15  1.51     17  20  1.54      2   7  1.54
     15  18  1.54     11  13  1.55     12  17  1.57      9  19  1.61     10  10  1.63      9  18  1.64      9  12  1.66
      7  14  1.66     11  17  1.67      7  12  1.68      2  16  1.69      3  13  1.70      3  14  1.71      3  12  1.72
     10  20  1.74      7   9  1.74      9  20  1.76      7  20  1.77      4   7  1.77      9  13  1.78     18  20  1.79
      3  10  1.79     19  20  1.80     15  19  1.81      2  10  1.81      3  16  1.81      9   9  1.82      4  17  1.83
      4   5  1.83      2   8  1.86      9   9  1.86      2   5  1.86      3  15  1.86      4  19  1.88      7  12  1.89
      4  13  1.90      2  17  1.90      8  14  1.91      9  18  1.92      5   5  1.92      9  20  1.92      7  10  1.92
      7  17  1.92      3  20  1.94      3  20  1.95      3  12  1.96     14  16  1.97      9  20  1.97      7  20  1.97
     17  17  1.98     15  18  1.99     12  20  1.99      2  12  2.00     18  20  2.00     20  20  2.00      4  14  2.00
      5  10  2.00     13  14  2.01      7  16  2.01      8  10  2.02     10  11  2.02      8  13  2.02     10  17  2.02
      2   9  2.02      5   6  2.02     13  16  2.02     11  11  2.02     16  18  2.03      4   8  2.04      6  12  2.05
      9  10  2.05     17  19  2.05      2   7  2.07     16  19  2.07      2  16  2.08      1  13  2.08      9  18  2.08
     17  20  2.08      3   5  2.09     12  20  2.09     12  14  2.09     18  18  2.09      5  11  2.09     13  20  2.10
      6  20  2.10     16  18  2.10      1  11  2.12     16  18  2.12     18  20  2.12      7  15  2.13      1  10  2.13
      5  16  2.15     16  17  2.15      4  10  2.16      1  12  2.16     15  18  2.18      2  11  2.18      4  18  2.18
     12  13  2.19      7  20  2.20      2  15  2.21      9  16  2.21      2  20  2.22      1  15  2.22      1   6  2.23
     18  18  2.23     17  20  2.24      9  17  2.25      1   7  2.25      2  13  2.26      8   9  2.26     11  12  2.28
      5   7  2.28     10  19  2.28     10  20  2.28      5  11  2.29      7  18  2.29      9  14  2.29      6  10  2.29
      9  17  2.29      2  19  2.30      9  10  2.30     17  18  2.31      7  16  2.31     13  19  2.31      1   6  2.32
      8  20  2.34     12  12  2.35     17  18  2.35      6  16  2.36      5  12  2.36      2   6  2.37      7  13  2.38
      5  17  2.39      8   9  2.39      6  13  2.39      7  10  2.41      6   7  2.41      8   8  2.42      1   3  2.43
      7  16  2.43      3   6  2.43     13  18  2.43     13  19  2.43      6   9  2.44      1   8  2.45      7  13  2.46
     14  20  2.46      4  11  2.47      6  11  2.47     10  13  2.47      9  20  2.48     13  16  2.48     13  15  2.49
      2   6  2.49      6   9  2.49      8  15  2.50      8  16  2.50     10  14  2.50     13  18  2.50      3  11  2.51
     16  20  2.51      6  19  2.52     13  17  2.52      1   5  2.52      6  11  2.53      7   9  2.54     11  11  2.54
     12  17  2.54     16  18  2.55      5  16  2.55     15  17  2.56      4   9  2.56      5   8  2.56     19  20  2.56
     12  19  2.56     16  18  2.57     16  17  2.57     11  20  2.57     14  17  2.57     13  15  2.57      7  10  2.58
      9  15  2.58      9  12  2.59     13  20  2.59      6  14  2.59      5   6  2.59     12  18  2.59      9   9  2.60
      6  18  2.60      2   9  2.61      8  18  2.61     11  17  2.61     10  16  2.61      6  14  2.61      7  18  2.61
     14  17  2.61      7   9  2.62      8  10  2.62     16  17  2.62      6   8  2.63      5  20  2.63      2  20  2.64
     14  18  2.64     15  16  2.65     17  20  2.65      4   6  2.65     13  16  2.65      5  13  2.65      5  10  2.65
      5   9  2.66      1  20  2.66      9  10  2.67      4   6  2.67     15  15  2.68      1  11  2.68      7  11  2.69
     11  14  2.69      1   5  2.70      1   9  2.70      1  17  2.70      7  20  2.70     10  18  2.71      1  16  2.72
      6   7  2.72     11  19  2.72      1   2  2.72      2  14  2.73      6   6  2.73      8  17  2.73      9  13  2.73
     11  13  2.73     15  17  2.74      2  14  2.75      6  17  2.75      8  12  2.75      4  12  2.75      7   7  2.75
      5  15  2.76      3   9  2.76      9  13  2.77     17  19  2.77     10  20  2.77      5   7  2.77      5  14  2.78
     10  16  2.79      6  11  2.79      2  11  2.79      7  17  2.79      2  20  2.79     12  18  2.80      1   4  2.81
      8  18  2.81      4  18  2.82     10  13  2.82      7  15  2.82      4  18  2.82      9  16  2.82     10  19  2.82
     14  18  2.83     13  16  2.83      7  17  2.83      1  10  2.83     11  16  2.84      8  11  2.85      7  18  2.85
     13  14  2.86      7   8  2.86     16  17  2.86     17  18  2.86     13  13  2.86      1  16  2.87      9  10  2.87
     17  20  2.88      2   7  2.88     17  19  2.88      5   5  2.88      6  20  2.89      6  18  2.89      1   4  2.89
      9  11  2.89     14  16  2.90      8  19  2.90     13  20  2.90     11  13  2.90      3  13  2.90     10  18  2.90
     10  16  2.90      6   6  2.90      6  10  2.91      4   9  2.91      9  13  2.92      2   9  2.93      3   8  2.94
      7   8  2.94      9  17  2.95      1  17  2.95      2  10  2.96      6  17  2.96      7  10  2.96     10  14  2.96
      2  19  2.96      9  19  2.96      1   2  2.96      9  15  2.96      6   8  2.96      7   9  2.96      4  13  2.97
      3  18  2.97     13  13  2.97     15  20  2.97     12  18  2.97      6  16  2.99      4   7  2.99      1   5  3.00
      8  18  3.00      2  18  3.00


 Time profile in seconds
 -----------------------

      0.00: Read and process instructions
      0.00: Fit rigid groups
      0.00: Interpret restraints etc.
      0.00: Generate connectivity array
      0.00: Analyse DFIX/DANG restraints
      0.00: Analyse SAME/SADI restraints
      0.00: Generate CHIV restraints
      0.00: Check if bonds in residues restrained
      0.00: Generate DELU restraints
      0.00: Generate SIMU restraints
      0.00: Generate ISOR restraints
      0.00: Generate NCSY restraints
      0.00: Analyse other restraints etc.
      0.09: Read intensity data, sort/merge etc.
      0.00: Set up constraints
      0.00: OSF, H-atoms from difference map
      0.00: Set up l.s. refinement
      0.00: Generate idealized H-atoms
      0.02: Structure factors and derivatives
      0.00: Sum l.s. matrices
      0.00: Generate and apply antibumping restraints
      0.00: Apply other restraints
      0.00: Solve l.s. equations
      0.00: Generate HTAB table
      0.02: Other dependent quantities, CIF, tables
      0.02: Analysis of variance
      0.00: Merge reflections for Fourier and .fcf
      0.00: Fourier summations
      0.03: Peaksearch
      0.00: Analyse peaklist

 +++++++++++++++++++++++++++++++++++++++++++++++++++++++++++++++++++++++++++++
 +  gr5ap             finished at 11:44:03   Total CPU time:       0.2 secs  +
 +++++++++++++++++++++++++++++++++++++++++++++++++++++++++++++++++++++++++++++
